# JRE version: OpenJDK Runtime Environment (11.0.8+10) (build 11.0.8+10-post-Ubuntu-0ubuntu120.04)
# Java VM: OpenJDK 64-Bit Server VM (11.0.8+10-post-Ubuntu-0ubuntu120.04, mixed mode, sharing, tiered, compressed oops, g1 gc, linux-amd64)
Heap:
 garbage-first heap   total 183296K, used 113773K [0x00000000a7c00000, 0x0000000100000000)
  region size 1024K, 100 young (102400K), 7 survivors (7168K)
 Metaspace       used 34575K, capacity 35494K, committed 35840K, reserved 1081344K
  class space    used 4163K, capacity 4458K, committed 4480K, reserved 1048576K
GC Heap History (20 events):
Event: 6,546 GC heap after
{Heap after GC invocations=7 (full 0):
 garbage-first heap   total 126976K, used 13488K [0x00000000a7c00000, 0x0000000100000000)
  region size 1024K, 7 young (7168K), 7 survivors (7168K)
 Metaspace       used 11619K, capacity 12172K, committed 12544K, reserved 1060864K
  class space    used 1187K, capacity 1421K, committed 1536K, reserved 1048576K
}
Event: 7,076 GC heap before
{Heap before GC invocations=7 (full 0):
 garbage-first heap   total 126976K, used 82096K [0x00000000a7c00000, 0x0000000100000000)
  region size 1024K, 74 young (75776K), 7 survivors (7168K)
 Metaspace       used 11629K, capacity 12172K, committed 12544K, reserved 1060864K
  class space    used 1187K, capacity 1421K, committed 1536K, reserved 1048576K
}
Event: 7,096 GC heap after
{Heap after GC invocations=8 (full 0):
 garbage-first heap   total 126976K, used 14716K [0x00000000a7c00000, 0x0000000100000000)
  region size 1024K, 7 young (7168K), 7 survivors (7168K)
 Metaspace       used 11629K, capacity 12172K, committed 12544K, reserved 1060864K
  class space    used 1187K, capacity 1421K, committed 1536K, reserved 1048576K
}
Event: 7,781 GC heap before
{Heap before GC invocations=8 (full 0):
 garbage-first heap   total 126976K, used 83324K [0x00000000a7c00000, 0x0000000100000000)
  region size 1024K, 74 young (75776K), 7 survivors (7168K)
 Metaspace       used 11646K, capacity 12236K, committed 12544K, reserved 1060864K
  class space    used 1187K, capacity 1421K, committed 1536K, reserved 1048576K
}
Event: 7,798 GC heap after
{Heap after GC invocations=9 (full 0):
 garbage-first heap   total 152576K, used 14952K [0x00000000a7c00000, 0x0000000100000000)
  region size 1024K, 3 young (3072K), 3 survivors (3072K)
 Metaspace       used 11646K, capacity 12236K, committed 12544K, reserved 1060864K
  class space    used 1187K, capacity 1421K, committed 1536K, reserved 1048576K
}
Event: 8,695 GC heap before
{Heap before GC invocations=9 (full 0):
 garbage-first heap   total 152576K, used 98920K [0x00000000a7c00000, 0x0000000100000000)
  region size 1024K, 85 young (87040K), 3 survivors (3072K)
 Metaspace       used 11657K, capacity 12306K, committed 12544K, reserved 1060864K
  class space    used 1188K, capacity 1423K, committed 1536K, reserved 1048576K
}
Event: 8,711 GC heap after
{Heap after GC invocations=10 (full 0):
 garbage-first heap   total 152576K, used 15469K [0x00000000a7c00000, 0x0000000100000000)
  region size 1024K, 3 young (3072K), 3 survivors (3072K)
 Metaspace       used 11657K, capacity 12306K, committed 12544K, reserved 1060864K
  class space    used 1188K, capacity 1423K, committed 1536K, reserved 1048576K
}
Event: 9,516 GC heap before
{Heap before GC invocations=10 (full 0):
 garbage-first heap   total 152576K, used 103533K [0x00000000a7c00000, 0x0000000100000000)
  region size 1024K, 89 young (91136K), 3 survivors (3072K)
 Metaspace       used 11676K, capacity 12306K, committed 12544K, reserved 1060864K
  class space    used 1190K, capacity 1423K, committed 1536K, reserved 1048576K
}
Event: 9,529 GC heap after
{Heap after GC invocations=11 (full 0):
 garbage-first heap   total 152576K, used 16493K [0x00000000a7c00000, 0x0000000100000000)
  region size 1024K, 4 young (4096K), 4 survivors (4096K)
 Metaspace       used 11676K, capacity 12306K, committed 12544K, reserved 1060864K
  class space    used 1190K, capacity 1423K, committed 1536K, reserved 1048576K
}
Event: 10,274 GC heap before
{Heap before GC invocations=11 (full 0):
 garbage-first heap   total 152576K, used 103533K [0x00000000a7c00000, 0x0000000100000000)
  region size 1024K, 89 young (91136K), 4 survivors (4096K)
 Metaspace       used 11720K, capacity 12312K, committed 12544K, reserved 1060864K
  class space    used 1191K, capacity 1425K, committed 1536K, reserved 1048576K
}
Event: 10,294 GC heap after
{Heap after GC invocations=12 (full 0):
 garbage-first heap   total 152576K, used 17191K [0x00000000a7c00000, 0x0000000100000000)
  region size 1024K, 5 young (5120K), 5 survivors (5120K)
 Metaspace       used 11720K, capacity 12312K, committed 12544K, reserved 1060864K
  class space    used 1191K, capacity 1425K, committed 1536K, reserved 1048576K
}
Event: 10,922 GC heap before
{Heap before GC invocations=12 (full 0):
 garbage-first heap   total 152576K, used 103207K [0x00000000a7c00000, 0x0000000100000000)
  region size 1024K, 89 young (91136K), 5 survivors (5120K)
 Metaspace       used 11733K, capacity 12376K, committed 12800K, reserved 1060864K
  class space    used 1192K, capacity 1425K, committed 1536K, reserved 1048576K
}
Event: 10,937 GC heap after
{Heap after GC invocations=13 (full 0):
 garbage-first heap   total 183296K, used 18375K [0x00000000a7c00000, 0x0000000100000000)
  region size 1024K, 6 young (6144K), 6 survivors (6144K)
 Metaspace       used 11733K, capacity 12376K, committed 12800K, reserved 1060864K
  class space    used 1192K, capacity 1425K, committed 1536K, reserved 1048576K
}
Event: 11,747 GC heap before
{Heap before GC invocations=13 (full 0):
 garbage-first heap   total 183296K, used 120775K [0x00000000a7c00000, 0x0000000100000000)
  region size 1024K, 106 young (108544K), 6 survivors (6144K)
 Metaspace       used 11781K, capacity 12376K, committed 12800K, reserved 1060864K
  class space    used 1195K, capacity 1425K, committed 1536K, reserved 1048576K
}
Event: 11,753 GC heap after
{Heap after GC invocations=14 (full 0):
 garbage-first heap   total 183296K, used 14431K [0x00000000a7c00000, 0x0000000100000000)
  region size 1024K, 2 young (2048K), 2 survivors (2048K)
 Metaspace       used 11781K, capacity 12376K, committed 12800K, reserved 1060864K
  class space    used 1195K, capacity 1425K, committed 1536K, reserved 1048576K
}
Event: 14,709 GC heap before
{Heap before GC invocations=14 (full 0):
 garbage-first heap   total 183296K, used 109663K [0x00000000a7c00000, 0x0000000100000000)
  region size 1024K, 97 young (99328K), 2 survivors (2048K)
 Metaspace       used 20360K, capacity 21020K, committed 21248K, reserved 1069056K
  class space    used 2245K, capacity 2538K, committed 2560K, reserved 1048576K
}
Event: 14,731 GC heap after
{Heap after GC invocations=15 (full 0):
 garbage-first heap   total 183296K, used 16175K [0x00000000a7c00000, 0x0000000100000000)
  region size 1024K, 4 young (4096K), 4 survivors (4096K)
 Metaspace       used 20360K, capacity 21020K, committed 21248K, reserved 1069056K
  class space    used 2245K, capacity 2538K, committed 2560K, reserved 1048576K
}
Event: 18,237 GC heap before
{Heap before GC invocations=16 (full 0):
 garbage-first heap   total 183296K, used 121647K [0x00000000a7c00000, 0x0000000100000000)
  region size 1024K, 107 young (109568K), 4 survivors (4096K)
 Metaspace       used 28042K, capacity 28824K, committed 29184K, reserved 1075200K
  class space    used 3195K, capacity 3514K, committed 3584K, reserved 1048576K
}
Event: 18,277 GC heap after
{Heap after GC invocations=17 (full 0):
 garbage-first heap   total 183296K, used 18541K [0x00000000a7c00000, 0x0000000100000000)
  region size 1024K, 6 young (6144K), 6 survivors (6144K)
 Metaspace       used 28042K, capacity 28824K, committed 29184K, reserved 1075200K
  class space    used 3195K, capacity 3514K, committed 3584K, reserved 1048576K
}
Event: 20,348 GC heap before
{Heap before GC invocations=17 (full 0):
 garbage-first heap   total 183296K, used 112749K [0x00000000a7c00000, 0x0000000100000000)
  region size 1024K, 99 young (101376K), 6 survivors (6144K)
 Metaspace       used 34575K, capacity 35494K, committed 35840K, reserved 1081344K
  class space    used 4163K, capacity 4458K, committed 4480K, reserved 1048576K
}

